<?xml version="1.0" encoding="UTF-8"?>
<!-- Generated by org.testng.reporters.JUnitReportReporter -->
<testsuite hostname="EPUALVIW0383" name="com.epam.draggable.task.Draggable" tests="1" failures="0" timestamp="9 Jul 2013 13:53:35 GMT" time="6.198" errors="0">
  <testcase name="dragAndDrop" time="6.198" classname="com.epam.draggable.task.Draggable"/>
</testsuite> <!-- com.epam.draggable.task.Draggable -->
